<?xml version="1.0" encoding="UTF-8"?>
<testng-results skipped="0" failed="0" total="4" passed="4">
  <reporter-output>
  </reporter-output>
  <suite name="Suite" duration-ms="73123" started-at="2023-12-05T20:46:22Z" finished-at="2023-12-05T20:47:35Z">
    <groups>
      <group name="cucumber">
        <method signature="AbstractTestNGCucumberTests.runScenario(io.cucumber.testng.PickleWrapper, io.cucumber.testng.FeatureWrapper)[pri:0, instance:com.runner.RunnerClass@239963d8]" name="runScenario" class="io.cucumber.testng.AbstractTestNGCucumberTests"/>
      </group> <!-- cucumber -->
    </groups>
    <test name="Test" duration-ms="73123" started-at="2023-12-05T20:46:22Z" finished-at="2023-12-05T20:47:35Z">
      <class name="com.runner.RunnerClass">
        <test-method status="PASS" signature="setUpClass()[pri:0, instance:com.runner.RunnerClass@239963d8]" name="setUpClass" is-config="true" duration-ms="727" started-at="2023-12-06T02:16:22Z" finished-at="2023-12-06T02:16:23Z">
          <reporter-output>
          </reporter-output>
        </test-method> <!-- setUpClass -->
        <test-method status="PASS" signature="runScenario(io.cucumber.testng.PickleWrapper, io.cucumber.testng.FeatureWrapper)[pri:0, instance:com.runner.RunnerClass@239963d8]" name="runScenario" duration-ms="39752" started-at="2023-12-06T02:16:23Z" description="Runs Cucumber Scenarios" data-provider="scenarios" finished-at="2023-12-06T02:17:03Z">
          <params>
            <param index="0">
              <value>
                <![CDATA["Add product to cart"]]>
              </value>
            </param>
            <param index="1">
              <value>
                <![CDATA["cart"]]>
              </value>
            </param>
          </params>
          <reporter-output>
          </reporter-output>
        </test-method> <!-- runScenario -->
        <test-method status="PASS" signature="runScenario(io.cucumber.testng.PickleWrapper, io.cucumber.testng.FeatureWrapper)[pri:0, instance:com.runner.RunnerClass@239963d8]" name="runScenario" duration-ms="23" started-at="2023-12-06T02:17:03Z" description="Runs Cucumber Scenarios" data-provider="scenarios" finished-at="2023-12-06T02:17:03Z">
          <params>
            <param index="0">
              <value>
                <![CDATA["Register at amazon"]]>
              </value>
            </param>
            <param index="1">
              <value>
                <![CDATA["Register"]]>
              </value>
            </param>
          </params>
          <reporter-output>
          </reporter-output>
        </test-method> <!-- runScenario -->
        <test-method status="PASS" signature="runScenario(io.cucumber.testng.PickleWrapper, io.cucumber.testng.FeatureWrapper)[pri:0, instance:com.runner.RunnerClass@239963d8]" name="runScenario" duration-ms="17808" started-at="2023-12-06T02:17:03Z" description="Runs Cucumber Scenarios" data-provider="scenarios" finished-at="2023-12-06T02:17:21Z">
          <params>
            <param index="0">
              <value>
                <![CDATA["phone price sort low to high"]]>
              </value>
            </param>
            <param index="1">
              <value>
                <![CDATA["Register"]]>
              </value>
            </param>
          </params>
          <reporter-output>
          </reporter-output>
        </test-method> <!-- runScenario -->
        <test-method status="PASS" signature="runScenario(io.cucumber.testng.PickleWrapper, io.cucumber.testng.FeatureWrapper)[pri:0, instance:com.runner.RunnerClass@239963d8]" name="runScenario" duration-ms="13933" started-at="2023-12-06T02:17:21Z" description="Runs Cucumber Scenarios" data-provider="scenarios" finished-at="2023-12-06T02:17:35Z">
          <params>
            <param index="0">
              <value>
                <![CDATA["phone price sort high to low"]]>
              </value>
            </param>
            <param index="1">
              <value>
                <![CDATA["Register"]]>
              </value>
            </param>
          </params>
          <reporter-output>
          </reporter-output>
        </test-method> <!-- runScenario -->
        <test-method status="PASS" signature="tearDownClass()[pri:0, instance:com.runner.RunnerClass@239963d8]" name="tearDownClass" is-config="true" duration-ms="323" started-at="2023-12-06T02:17:35Z" finished-at="2023-12-06T02:17:35Z">
          <reporter-output>
          </reporter-output>
        </test-method> <!-- tearDownClass -->
      </class> <!-- com.runner.RunnerClass -->
    </test> <!-- Test -->
  </suite> <!-- Suite -->
</testng-results>
